[16:45:40] [ServerMain/INFO]: Environment: authHost='https://authserver.mojang.com', accountsHost='https://api.mojang.com', sessionHost='https://sessionserver.mojang.com', servicesHost='https://api.minecraftservices.com', name='PROD'
[16:45:40] [ServerMain/INFO]: Found new data pack file/bukkit, loading it automatically
[16:45:42] [ServerMain/INFO]: Loaded 7 recipes
[16:45:42] [Server thread/INFO]: Starting minecraft server version 1.19.4
[16:45:42] [Server thread/INFO]: Loading properties
[16:45:43] [Server thread/INFO]: This server is running Paper version git-Paper-550 (MC: 1.19.4) (Implementing API version 1.19.4-R0.1-SNAPSHOT) (Git: 483368e on ver/1.19.4)
[16:45:43] [Server thread/INFO]: Server Ping Player Sample Count: 12
[16:45:43] [Server thread/INFO]: Using 4 threads for Netty based IO
[16:45:43] [Server thread/INFO]: [ChunkTaskScheduler] Chunk system is using 1 I/O threads, 1 worker threads, and gen parallelism of 1 threads
[16:45:43] [Server thread/WARN]: [!] The timings profiler has been enabled but has been scheduled for removal from Paper in the future.
    We recommend installing the spark profiler as a replacement: https://spark.lucko.me/
    For more information please visit: https://github.com/PaperMC/Paper/issues/8948
[16:45:43] [Server thread/INFO]: Default game type: SURVIVAL
[16:45:43] [Server thread/INFO]: Generating keypair
[16:45:44] [Server thread/INFO]: Starting Minecraft server on *:25565
[16:45:44] [Server thread/INFO]: Using epoll channel type
[16:45:44] [Server thread/INFO]: Paper: Using libdeflate (Linux x86_64) compression from Velocity.
[16:45:44] [Server thread/INFO]: Paper: Using OpenSSL 3.0.x (Linux x86_64) cipher from Velocity.
[16:45:44] [Server thread/WARN]: **** SERVER IS RUNNING IN OFFLINE/INSECURE MODE!
[16:45:44] [Server thread/WARN]: The server will make no attempt to authenticate usernames. Beware.
[16:45:44] [Server thread/WARN]: While this makes the game possible to play without internet access, it also opens up the ability for hackers to connect with any username they choose.
[16:45:44] [Server thread/WARN]: To change this, set "online-mode" to "true" in the server.properties file.
[16:45:44] [Server thread/INFO]: Preparing level "world"
[16:45:54] [Server thread/INFO]: Preparing start region for dimension minecraft:overworld
[16:45:55] [Server thread/INFO]: Time elapsed: 94 ms
[16:45:55] [Server thread/INFO]: Preparing start region for dimension minecraft:the_nether
[16:45:55] [Server thread/INFO]: Time elapsed: 67 ms
[16:45:55] [Server thread/INFO]: Preparing start region for dimension minecraft:the_end
[16:45:55] [Server thread/INFO]: Time elapsed: 63 ms
[16:45:55] [Server thread/INFO]: Running delayed init tasks
[16:45:55] [Server thread/INFO]: Done (12.738s)! For help, type "help"
[16:45:55] [Server thread/INFO]: Timings Reset
